<?xml version="1.0" encoding="UTF-8"?>
<testsuite name="com.example.project.TipCalculatorTest" tests="3" skipped="0" failures="0" errors="0" timestamp="2024-09-27T01:14:10" hostname="codespaces-f16c33" time="0.165">
  <properties/>
  <testcase name="testCalculateTip2()" classname="com.example.project.TipCalculatorTest" time="0.14"/>
  <testcase name="testCalculateTip3()" classname="com.example.project.TipCalculatorTest" time="0.006"/>
  <testcase name="testCalculateTip()" classname="com.example.project.TipCalculatorTest" time="0.009"/>
  <system-out><![CDATA[]]></system-out>
  <system-err><![CDATA[]]></system-err>
</testsuite>
